[0813/233332.743:INFO:CONSOLE(0)] "Error with Permissions-Policy header: Feature xr-spatial-tracking's parameters are ignored.", source:  (0)
[0813/233332.743:INFO:CONSOLE(0)] "Error with Permissions-Policy header: Origin trial controlled feature not enabled: 'attribution-reporting'.", source:  (0)
[0813/233332.744:INFO:CONSOLE(0)] "Error with Permissions-Policy header: Unrecognized feature: 'compute-pressure'.", source:  (0)
[0813/233332.744:INFO:CONSOLE(0)] "Error with Permissions-Policy header: Origin trial controlled feature not enabled: 'interest-cohort'.", source:  (0)
[0813/233332.744:INFO:CONSOLE(0)] "Error with Permissions-Policy header: Unrecognized feature: 'private-state-token-issuance'.", source:  (0)
[0813/233332.744:INFO:CONSOLE(0)] "Error with Permissions-Policy header: Origin trial controlled feature not enabled: 'shared-storage'.", source:  (0)
[0813/233332.744:INFO:CONSOLE(0)] "Error with Permissions-Policy header: Unrecognized feature: 'shared-storage-select-url'.", source:  (0)
[0813/233332.744:INFO:CONSOLE(0)] "Error with Permissions-Policy header: Unrecognized feature: 'private-state-token-redemption'.", source:  (0)
[0813/233332.744:INFO:CONSOLE(0)] "Error with Permissions-Policy header: Unrecognized feature: 'unload'.", source:  (0)
[0813/233332.744:INFO:CONSOLE(0)] "Error with Permissions-Policy header: Unrecognized feature: 'window-management'.", source:  (0)
[0813/233332.744:INFO:CONSOLE(0)] "Document-Policy HTTP header: Unrecognized document policy feature name include-js-call-stacks-in-crash-reports.", source: https://web.whatsapp.com/ (0)
[0813/233335.466:INFO:CONSOLE(114)] "Event handler of 'x-storagemutated-1' event must be added on the initial evaluation of worker script.", source: https://static.whatsapp.net/rsrc.php/v4/yG/r/v7zqgPA5Tvb.js (114)
[0813/233849.880:INFO:CONSOLE(898)] "Failed to parse video contentType: video/mp4; codecs=avc1.42000a", source: https://static.whatsapp.net/rsrc.php/v4iHzy4/y8/l/pt_BR-j/5V9Yo3karl6.js (898)
[0813/233849.880:INFO:CONSOLE(898)] "Failed to parse video contentType: video/mp4; codecs=hev1.1.6.L93.B0", source: https://static.whatsapp.net/rsrc.php/v4iHzy4/y8/l/pt_BR-j/5V9Yo3karl6.js (898)
[0813/233850.783:INFO:CONSOLE(114)] "Event handler of 'x-storagemutated-1' event must be added on the initial evaluation of worker script.", source: https://static.whatsapp.net/rsrc.php/v4/yG/r/v7zqgPA5Tvb.js (114)
[0813/234257.492:INFO:CONSOLE(114)] "Event handler of 'x-storagemutated-1' event must be added on the initial evaluation of worker script.", source: https://static.whatsapp.net/rsrc.php/v4/yG/r/v7zqgPA5Tvb.js (114)
[0813/235321.067:INFO:CONSOLE(114)] "Event handler of 'x-storagemutated-1' event must be added on the initial evaluation of worker script.", source: https://static.whatsapp.net/rsrc.php/v4/yG/r/v7zqgPA5Tvb.js (114)
[0814/000424.526:INFO:CONSOLE(114)] "Event handler of 'x-storagemutated-1' event must be added on the initial evaluation of worker script.", source: https://static.whatsapp.net/rsrc.php/v4/yG/r/v7zqgPA5Tvb.js (114)
[0814/000857.903:INFO:CONSOLE(114)] "Event handler of 'x-storagemutated-1' event must be added on the initial evaluation of worker script.", source: https://static.whatsapp.net/rsrc.php/v4/yG/r/v7zqgPA5Tvb.js (114)
[0814/001411.120:INFO:CONSOLE(114)] "Event handler of 'x-storagemutated-1' event must be added on the initial evaluation of worker script.", source: https://static.whatsapp.net/rsrc.php/v4/yG/r/v7zqgPA5Tvb.js (114)
[0814/001644.873:INFO:CONSOLE(114)] "Event handler of 'x-storagemutated-1' event must be added on the initial evaluation of worker script.", source: https://static.whatsapp.net/rsrc.php/v4/yG/r/v7zqgPA5Tvb.js (114)
[0814/001840.399:INFO:CONSOLE(114)] "Event handler of 'x-storagemutated-1' event must be added on the initial evaluation of worker script.", source: https://static.whatsapp.net/rsrc.php/v4/yG/r/v7zqgPA5Tvb.js (114)
[0814/002338.397:INFO:CONSOLE(114)] "Event handler of 'x-storagemutated-1' event must be added on the initial evaluation of worker script.", source: https://static.whatsapp.net/rsrc.php/v4/yG/r/v7zqgPA5Tvb.js (114)
[0814/002959.862:INFO:CONSOLE(114)] "Event handler of 'x-storagemutated-1' event must be added on the initial evaluation of worker script.", source: https://static.whatsapp.net/rsrc.php/v4/yG/r/v7zqgPA5Tvb.js (114)
[0814/003931.093:INFO:CONSOLE(114)] "Event handler of 'x-storagemutated-1' event must be added on the initial evaluation of worker script.", source: https://static.whatsapp.net/rsrc.php/v4/yG/r/v7zqgPA5Tvb.js (114)
[0814/004244.123:INFO:CONSOLE(114)] "Event handler of 'x-storagemutated-1' event must be added on the initial evaluation of worker script.", source: https://static.whatsapp.net/rsrc.php/v4/yG/r/v7zqgPA5Tvb.js (114)
[0814/004450.318:INFO:CONSOLE(114)] "Event handler of 'x-storagemutated-1' event must be added on the initial evaluation of worker script.", source: https://static.whatsapp.net/rsrc.php/v4/yG/r/v7zqgPA5Tvb.js (114)
[0814/005055.267:INFO:CONSOLE(114)] "Event handler of 'x-storagemutated-1' event must be added on the initial evaluation of worker script.", source: https://static.whatsapp.net/rsrc.php/v4/yG/r/v7zqgPA5Tvb.js (114)
[0814/005829.790:INFO:CONSOLE(114)] "Event handler of 'x-storagemutated-1' event must be added on the initial evaluation of worker script.", source: https://static.whatsapp.net/rsrc.php/v4/yG/r/v7zqgPA5Tvb.js (114)
[0814/030506.638:INFO:CONSOLE(114)] "Event handler of 'x-storagemutated-1' event must be added on the initial evaluation of worker script.", source: https://static.whatsapp.net/rsrc.php/v4/yG/r/v7zqgPA5Tvb.js (114)
[0814/044237.932:INFO:CONSOLE(114)] "Event handler of 'x-storagemutated-1' event must be added on the initial evaluation of worker script.", source: https://static.whatsapp.net/rsrc.php/v4/yG/r/v7zqgPA5Tvb.js (114)
[0814/045107.919:INFO:CONSOLE(114)] "Event handler of 'x-storagemutated-1' event must be added on the initial evaluation of worker script.", source: https://static.whatsapp.net/rsrc.php/v4/yG/r/v7zqgPA5Tvb.js (114)
[0814/045237.168:INFO:CONSOLE(114)] "Event handler of 'x-storagemutated-1' event must be added on the initial evaluation of worker script.", source: https://static.whatsapp.net/rsrc.php/v4/yG/r/v7zqgPA5Tvb.js (114)
[0814/050639.647:ERROR:cache_util_win.cc(20)] Unable to move the cache: Acesso negado. (0x5)
[0814/050639.648:ERROR:cache_util_win.cc(20)] Unable to move the cache: Acesso negado. (0x5)
[0814/050639.648:ERROR:disk_cache.cc(205)] Unable to create cache
[0814/050639.648:ERROR:gpu_disk_cache.cc(673)] Gpu Cache Creation failed: -2
[0814/050639.648:ERROR:disk_cache.cc(205)] Unable to create cache
[0814/050639.648:ERROR:gpu_disk_cache.cc(673)] Gpu Cache Creation failed: -2
[0814/050641.669:ERROR:cache_util_win.cc(20)] Unable to move the cache: Acesso negado. (0x5)
[0814/050641.669:ERROR:disk_cache.cc(205)] Unable to create cache
[0814/050641.924:ERROR:cache_util_win.cc(20)] Unable to move the cache: Acesso negado. (0x5)
[0814/050641.924:ERROR:cache_util_win.cc(20)] Unable to move the cache: Acesso negado. (0x5)
[0814/050641.924:ERROR:disk_cache.cc(205)] Unable to create cache
[0814/050641.924:ERROR:gpu_disk_cache.cc(673)] Gpu Cache Creation failed: -2
[0814/050641.924:ERROR:disk_cache.cc(205)] Unable to create cache
[0814/050641.924:ERROR:gpu_disk_cache.cc(673)] Gpu Cache Creation failed: -2
[0814/050641.994:INFO:CONSOLE(0)] "Error with Permissions-Policy header: Feature xr-spatial-tracking's parameters are ignored.", source:  (0)
[0814/050641.994:INFO:CONSOLE(0)] "Error with Permissions-Policy header: Origin trial controlled feature not enabled: 'attribution-reporting'.", source:  (0)
[0814/050641.994:INFO:CONSOLE(0)] "Error with Permissions-Policy header: Unrecognized feature: 'compute-pressure'.", source:  (0)
[0814/050641.994:INFO:CONSOLE(0)] "Error with Permissions-Policy header: Origin trial controlled feature not enabled: 'interest-cohort'.", source:  (0)
[0814/050641.995:INFO:CONSOLE(0)] "Error with Permissions-Policy header: Unrecognized feature: 'private-state-token-issuance'.", source:  (0)
[0814/050641.995:INFO:CONSOLE(0)] "Error with Permissions-Policy header: Origin trial controlled feature not enabled: 'shared-storage'.", source:  (0)
[0814/050641.995:INFO:CONSOLE(0)] "Error with Permissions-Policy header: Unrecognized feature: 'shared-storage-select-url'.", source:  (0)
[0814/050641.995:INFO:CONSOLE(0)] "Error with Permissions-Policy header: Unrecognized feature: 'private-state-token-redemption'.", source:  (0)
[0814/050641.995:INFO:CONSOLE(0)] "Error with Permissions-Policy header: Unrecognized feature: 'unload'.", source:  (0)
[0814/050641.995:INFO:CONSOLE(0)] "Error with Permissions-Policy header: Unrecognized feature: 'window-management'.", source:  (0)
[0814/050641.995:INFO:CONSOLE(0)] "Document-Policy HTTP header: Unrecognized document policy feature name include-js-call-stacks-in-crash-reports.", source: https://web.whatsapp.com/ (0)
[0814/050642.666:ERROR:service_worker_storage.cc(1933)] Failed to delete the database: Database IO error
[0814/050647.808:ERROR:quota_database.cc(929)] Could not open the quota database, resetting.
[0814/050652.738:ERROR:quota_database.cc(929)] Could not open the quota database, resetting.
[0814/050655.670:ERROR:quota_database.cc(931)] Failed to reset the quota database.
[0814/050655.670:ERROR:quota_database.cc(931)] Failed to reset the quota database.
[0814/050847.039:INFO:CONSOLE(114)] "Event handler of 'x-storagemutated-1' event must be added on the initial evaluation of worker script.", source: https://static.whatsapp.net/rsrc.php/v4/yG/r/v7zqgPA5Tvb.js (114)
[0814/050847.138:INFO:CONSOLE(0)] "Error with Permissions-Policy header: Feature xr-spatial-tracking's parameters are ignored.", source:  (0)
[0814/050847.138:INFO:CONSOLE(0)] "Error with Permissions-Policy header: Origin trial controlled feature not enabled: 'attribution-reporting'.", source:  (0)
[0814/050847.138:INFO:CONSOLE(0)] "Error with Permissions-Policy header: Unrecognized feature: 'compute-pressure'.", source:  (0)
[0814/050847.138:INFO:CONSOLE(0)] "Error with Permissions-Policy header: Origin trial controlled feature not enabled: 'interest-cohort'.", source:  (0)
[0814/050847.138:INFO:CONSOLE(0)] "Error with Permissions-Policy header: Unrecognized feature: 'private-state-token-issuance'.", source:  (0)
[0814/050847.138:INFO:CONSOLE(0)] "Error with Permissions-Policy header: Origin trial controlled feature not enabled: 'shared-storage'.", source:  (0)
[0814/050847.138:INFO:CONSOLE(0)] "Error with Permissions-Policy header: Unrecognized feature: 'shared-storage-select-url'.", source:  (0)
[0814/050847.138:INFO:CONSOLE(0)] "Error with Permissions-Policy header: Unrecognized feature: 'private-state-token-redemption'.", source:  (0)
[0814/050847.138:INFO:CONSOLE(0)] "Error with Permissions-Policy header: Unrecognized feature: 'unload'.", source:  (0)
[0814/050847.139:INFO:CONSOLE(0)] "Error with Permissions-Policy header: Unrecognized feature: 'window-management'.", source:  (0)
[0814/050847.139:INFO:CONSOLE(0)] "Document-Policy HTTP header: Unrecognized document policy feature name include-js-call-stacks-in-crash-reports.", source: https://web.whatsapp.com/ (0)
[0814/050849.094:INFO:CONSOLE(114)] "Event handler of 'x-storagemutated-1' event must be added on the initial evaluation of worker script.", source: https://static.whatsapp.net/rsrc.php/v4/yG/r/v7zqgPA5Tvb.js (114)
[0814/050934.076:ERROR:cache_util_win.cc(20)] Unable to move the cache: Acesso negado. (0x5)
[0814/050934.077:ERROR:disk_cache.cc(205)] Unable to create cache
[0814/050934.077:ERROR:gpu_disk_cache.cc(673)] Gpu Cache Creation failed: -2
[0814/050934.076:ERROR:cache_util_win.cc(20)] Unable to move the cache: Acesso negado. (0x5)
[0814/050934.078:ERROR:disk_cache.cc(205)] Unable to create cache
[0814/050934.078:ERROR:gpu_disk_cache.cc(673)] Gpu Cache Creation failed: -2
[0814/050936.090:ERROR:cache_util_win.cc(20)] Unable to move the cache: Acesso negado. (0x5)
[0814/050936.090:ERROR:disk_cache.cc(205)] Unable to create cache
[0814/050936.322:ERROR:cache_util_win.cc(20)] Unable to move the cache: Acesso negado. (0x5)
[0814/050936.322:ERROR:cache_util_win.cc(20)] Unable to move the cache: Acesso negado. (0x5)
[0814/050936.322:ERROR:disk_cache.cc(205)] Unable to create cache
[0814/050936.322:ERROR:gpu_disk_cache.cc(673)] Gpu Cache Creation failed: -2
[0814/050936.322:ERROR:disk_cache.cc(205)] Unable to create cache
[0814/050936.322:ERROR:gpu_disk_cache.cc(673)] Gpu Cache Creation failed: -2
[0814/050936.398:INFO:CONSOLE(0)] "Error with Permissions-Policy header: Feature xr-spatial-tracking's parameters are ignored.", source:  (0)
[0814/050936.398:INFO:CONSOLE(0)] "Error with Permissions-Policy header: Origin trial controlled feature not enabled: 'attribution-reporting'.", source:  (0)
[0814/050936.398:INFO:CONSOLE(0)] "Error with Permissions-Policy header: Unrecognized feature: 'compute-pressure'.", source:  (0)
[0814/050936.398:INFO:CONSOLE(0)] "Error with Permissions-Policy header: Origin trial controlled feature not enabled: 'interest-cohort'.", source:  (0)
[0814/050936.398:INFO:CONSOLE(0)] "Error with Permissions-Policy header: Unrecognized feature: 'private-state-token-issuance'.", source:  (0)
[0814/050936.398:INFO:CONSOLE(0)] "Error with Permissions-Policy header: Origin trial controlled feature not enabled: 'shared-storage'.", source:  (0)
[0814/050936.398:INFO:CONSOLE(0)] "Error with Permissions-Policy header: Unrecognized feature: 'shared-storage-select-url'.", source:  (0)
[0814/050936.398:INFO:CONSOLE(0)] "Error with Permissions-Policy header: Unrecognized feature: 'private-state-token-redemption'.", source:  (0)
[0814/050936.398:INFO:CONSOLE(0)] "Error with Permissions-Policy header: Unrecognized feature: 'unload'.", source:  (0)
[0814/050936.398:INFO:CONSOLE(0)] "Error with Permissions-Policy header: Unrecognized feature: 'window-management'.", source:  (0)
[0814/050936.399:INFO:CONSOLE(0)] "Document-Policy HTTP header: Unrecognized document policy feature name include-js-call-stacks-in-crash-reports.", source: https://web.whatsapp.com/ (0)
[0814/050937.084:ERROR:service_worker_storage.cc(1933)] Failed to delete the database: Database IO error
[0814/050942.230:ERROR:quota_database.cc(929)] Could not open the quota database, resetting.
[0814/050947.150:ERROR:quota_database.cc(929)] Could not open the quota database, resetting.
[0814/050950.089:ERROR:quota_database.cc(931)] Failed to reset the quota database.
[0814/050950.089:ERROR:quota_database.cc(931)] Failed to reset the quota database.
[0814/051038.860:ERROR:cache_util_win.cc(20)] Unable to move the cache: Acesso negado. (0x5)
[0814/051038.860:ERROR:cache_util_win.cc(20)] Unable to move the cache: Acesso negado. (0x5)
[0814/051038.861:ERROR:disk_cache.cc(205)] Unable to create cache
[0814/051038.861:ERROR:gpu_disk_cache.cc(673)] Gpu Cache Creation failed: -2
[0814/051038.861:ERROR:disk_cache.cc(205)] Unable to create cache
[0814/051038.861:ERROR:gpu_disk_cache.cc(673)] Gpu Cache Creation failed: -2
[0814/051040.873:ERROR:cache_util_win.cc(20)] Unable to move the cache: Acesso negado. (0x5)
[0814/051040.873:ERROR:disk_cache.cc(205)] Unable to create cache
[0814/051041.118:ERROR:cache_util_win.cc(20)] Unable to move the cache: Acesso negado. (0x5)
[0814/051041.118:ERROR:disk_cache.cc(205)] Unable to create cache
[0814/051041.118:ERROR:gpu_disk_cache.cc(673)] Gpu Cache Creation failed: -2
[0814/051041.120:ERROR:cache_util_win.cc(20)] Unable to move the cache: Acesso negado. (0x5)
[0814/051041.120:ERROR:disk_cache.cc(205)] Unable to create cache
[0814/051041.120:ERROR:gpu_disk_cache.cc(673)] Gpu Cache Creation failed: -2
[0814/051041.202:INFO:CONSOLE(0)] "Error with Permissions-Policy header: Feature xr-spatial-tracking's parameters are ignored.", source:  (0)
[0814/051041.202:INFO:CONSOLE(0)] "Error with Permissions-Policy header: Origin trial controlled feature not enabled: 'attribution-reporting'.", source:  (0)
[0814/051041.202:INFO:CONSOLE(0)] "Error with Permissions-Policy header: Unrecognized feature: 'compute-pressure'.", source:  (0)
[0814/051041.202:INFO:CONSOLE(0)] "Error with Permissions-Policy header: Origin trial controlled feature not enabled: 'interest-cohort'.", source:  (0)
[0814/051041.202:INFO:CONSOLE(0)] "Error with Permissions-Policy header: Unrecognized feature: 'private-state-token-issuance'.", source:  (0)
[0814/051041.202:INFO:CONSOLE(0)] "Error with Permissions-Policy header: Origin trial controlled feature not enabled: 'shared-storage'.", source:  (0)
[0814/051041.202:INFO:CONSOLE(0)] "Error with Permissions-Policy header: Unrecognized feature: 'shared-storage-select-url'.", source:  (0)
[0814/051041.202:INFO:CONSOLE(0)] "Error with Permissions-Policy header: Unrecognized feature: 'private-state-token-redemption'.", source:  (0)
[0814/051041.202:INFO:CONSOLE(0)] "Error with Permissions-Policy header: Unrecognized feature: 'unload'.", source:  (0)
[0814/051041.202:INFO:CONSOLE(0)] "Error with Permissions-Policy header: Unrecognized feature: 'window-management'.", source:  (0)
[0814/051041.202:INFO:CONSOLE(0)] "Document-Policy HTTP header: Unrecognized document policy feature name include-js-call-stacks-in-crash-reports.", source: https://web.whatsapp.com/ (0)
[0814/051041.881:ERROR:service_worker_storage.cc(1933)] Failed to delete the database: Database IO error
[0814/051047.058:ERROR:quota_database.cc(929)] Could not open the quota database, resetting.
[0814/051052.001:ERROR:quota_database.cc(929)] Could not open the quota database, resetting.
[0814/051054.927:ERROR:quota_database.cc(931)] Failed to reset the quota database.
[0814/051054.927:ERROR:quota_database.cc(931)] Failed to reset the quota database.
